1555396664735	mozrunner::runner	INFO	Running command: "E:\\Program Files (x86)\\Mozilla Firefox\\firefox.exe" "-marionette" "-foreground" "-no-remote" "-profile" "C:\\Users\\boxun\\AppData\\Local\\Temp\\rust_mozprofile.iwhqAiDdhxBq"
1555396667100	addons.webextension.screenshots@mozilla.org	WARN	Loading extension 'screenshots@mozilla.org': Reading manifest: Invalid extension permission: mozillaAddons
1555396667100	addons.webextension.screenshots@mozilla.org	WARN	Loading extension 'screenshots@mozilla.org': Reading manifest: Invalid extension permission: resource://pdf.js/
1555396667101	addons.webextension.screenshots@mozilla.org	WARN	Loading extension 'screenshots@mozilla.org': Reading manifest: Invalid extension permission: about:reader*
1555396670234	Marionette	INFO	Listening on port 65399
1555396670304	Marionette	WARN	TLS certificate errors will be ignored for this session
[Parent 15732, Gecko_IOThread] WARNING: pipe error: 109: file z:/build/build/src/ipc/chromium/src/chrome/common/ipc_channel_win.cc, line 332
[Parent 15732, Gecko_IOThread] WARNING: pipe error: 109: file z:/build/build/src/ipc/chromium/src/chrome/common/ipc_channel_win.cc, line 332
[Child 4172, Chrome_ChildThread] WARNING: pipe error: 109: file z:/build/build/src/ipc/chromium/src/chrome/common/ipc_channel_win.cc, line 332
[Child 4172, Chrome_ChildThre[Child 14412, Chrome_ChildThread] WARNING: pipe error: 109: file z:/build/build/src/ipc/chromium/src/chrome/common/ipc_channel_win.cc, line 332
[Child 11555396677857	Marionette	INFO	Stopped listening on port 65399

###!!! [Child][RunMessage] Error: Channel closing: too late to send/recv, messages will be lost

[GPU
###!!! [Child][MessageChannel::SendAndWait] Error: Channel error: cannot send/recv

1555396688833	mozrunner::runner	INFO	Running command: "E:\\Program Files (x86)\\Mozilla Firefox\\firefox.exe" "-marionette" "-foreground" "-no-remote" "-profile" "C:\\Users\\boxun\\AppData\\Local\\Temp\\rust_mozprofile.3sqQZPX6neZj"
1555396691204	addons.webextension.screenshots@mozilla.org	WARN	Loading extension 'screenshots@mozilla.org': Reading manifest: Invalid extension permission: mozillaAddons
1555396691205	addons.webextension.screenshots@mozilla.org	WARN	Loading extension 'screenshots@mozilla.org': Reading manifest: Invalid extension permission: resource://pdf.js/
1555396691205	addons.webextension.screenshots@mozilla.org	WARN	Loading extension 'screenshots@mozilla.org': Reading manifest: Invalid extension permission: about:reader*
1555396694171	Marionette	INFO	Listening on port 49152
1555396694699	Marionette	WARN	TLS certificate errors will be ignored for this session
[Child 6620, Chrome_ChildThread] WARNING: pipe error: 109: file z:/build/build/src/ipc/chromium/src/chrome/common/ipc_channel_win.cc, line 332
[Child 6JavaScript error: resource://gre/modules/Sqlite.jsm, line 834: Error: Connection is not open.
JavaScript error: resource://gre/modules/IndexedDB.jsm, line 349: UnknownError: The operation failed for reasons unrelated to the database itself and not covered by any other error code.
1555396695203	Marionette	INFO	Stopped listening on port 49152
[
###!!! [Child][RunMessage] Error: Channel closing: too late to send/recv, messages will be lost


###!!! [Child][MessageChannel::SendAndWait] Error: Channel error: cannot send/recv

1555396914400	mozrunner::runner	INFO	Running command: "E:\\Program Files (x86)\\Mozilla Firefox\\firefox.exe" "-marionette" "-foreground" "-no-remote" "-profile" "C:\\Users\\boxun\\AppData\\Local\\Temp\\rust_mozprofile.ik6QHbcCMIcU"
1555396916635	addons.webextension.screenshots@mozilla.org	WARN	Loading extension 'screenshots@mozilla.org': Reading manifest: Invalid extension permission: mozillaAddons
1555396916635	addons.webextension.screenshots@mozilla.org	WARN	Loading extension 'screenshots@mozilla.org': Reading manifest: Invalid extension permission: resource://pdf.js/
1555396916635	addons.webextension.screenshots@mozilla.org	WARN	Loading extension 'screenshots@mozilla.org': Reading manifest: Invalid extension permission: about:reader*
1555396919832	Marionette	INFO	Listening on port 49637
1555396919912	Marionette	WARN	TLS certificate errors will be ignored for this session
1555396932434	Marionette	INFO	Stopped listening on port 49637
[G
###!!! [Child][RunMessage] Error: Channel closing: too late to send/recv, messages will be lost

PU
###!!! [Child][MessageChannel::SendAndWait] Error: Channel error: cannot send/recv

1555406256018	mozrunner::runner	INFO	Running command: "E:\\Program Files (x86)\\Mozilla Firefox\\firefox.exe" "-marionette" "-foreground" "-no-remote" "-profile" "C:\\Users\\boxun\\AppData\\Local\\Temp\\rust_mozprofile.Huqj3kN6fwQq"
1555406258364	addons.webextension.screenshots@mozilla.org	WARN	Loading extension 'screenshots@mozilla.org': Reading manifest: Invalid extension permission: mozillaAddons
1555406258366	addons.webextension.screenshots@mozilla.org	WARN	Loading extension 'screenshots@mozilla.org': Reading manifest: Invalid extension permission: resource://pdf.js/
1555406258366	addons.webextension.screenshots@mozilla.org	WARN	Loading extension 'screenshots@mozilla.org': Reading manifest: Invalid extension permission: about:reader*
1555406263353	Marionette	INFO	Listening on port 53294
1555406263797	Marionette	WARN	TLS certificate errors will be ignored for this session
[Parent 4520, Gecko_IOThread] WARNING: pipe error: 109: file z:/build/build/src/ipc/chromium/src/chrome/common/ipc_channel_win.cc, line 332
[Parent 4520, Gecko_IOThread] WARNING: pipe error: 109: file z:/build/build/src/ipc/chromium/src/chrome/common/ipc_channel_win.cc, line 332
1555406317723	Marionette	INFO	Stopped listening on port 53294

###!!! [Child][RunMessage] Error: Channel closing: too late to send/recv, messages will be lost

[GP
###!!! [Child][MessageChannel::SendAndWait] Error: Channel error: cannot send/recv

1555406485901	mozrunner::runner	INFO	Running command: "E:\\Program Files (x86)\\Mozilla Firefox\\firefox.exe" "-marionette" "-foreground" "-no-remote" "-profile" "C:\\Users\\boxun\\AppData\\Local\\Temp\\rust_mozprofile.rUIUs358VfEF"
1555406487792	addons.webextension.screenshots@mozilla.org	WARN	Loading extension 'screenshots@mozilla.org': Reading manifest: Invalid extension permission: mozillaAddons
1555406487793	addons.webextension.screenshots@mozilla.org	WARN	Loading extension 'screenshots@mozilla.org': Reading manifest: Invalid extension permission: resource://pdf.js/
1555406487793	addons.webextension.screenshots@mozilla.org	WARN	Loading extension 'screenshots@mozilla.org': Reading manifest: Invalid extension permission: about:reader*
1555406491013	Marionette	INFO	Listening on port 53826
1555406491467	Marionette	WARN	TLS certificate errors will be ignored for this session
JavaScript error: https://search.jd.com/script/search_new.js?20190410.js, line 1: TypeError: F is null
[Parent 12508, Gecko_IOThread] WARNING: pipe error: 109: file z:/build/build/src/ipc/chromium/src/chrome/common/ipc_channel_win.cc, line 332
1555406911740	Marionette	INFO	Stopped listening on port 53826
[G
###!!! [Child][RunMessage] Error: Channel closing: too late to send/recv, messages will be lost

PU
###!!! [Child][MessageChannel::SendAndWait] Error: Channel error: cannot send/recv

dons
1555406864094	addons.webextension.screenshots@mozilla.org	WARN	Loading extension 'screenshots@mozilla.org': Reading manifest: Invalid extension permission: resource://pdf.js/
1555406864094	addons.webextension.screenshots@mozilla.org	WARN	Loading extension 'screenshots@mozilla.org': Reading manifest: Invalid extension permission: about:reader*
1555406867478	Marionette	INFO	Listening on port 54741
1555406867790	Marionette	WARN	TLS certificate errors will be ignored for this session
JavaScript error: https://misc.360buyimg.com/mtd/pc/o2_toolbar/1.0.0/home/??static/js/jdf_trimpath.js,static/js/jdf_login.js,static/js/localStorageObj.js, line 388: TypeError: jdEvent is null
JavaScript error: https://search.jd.com/script/search_new.js?20190410.js, line 1: TypeError: F is null
1555406913377	mozrunner::runner	INFO	Running command: "E:\\Program Files (x86)\\Mozilla Firefox\\firefox.exe" "-marionette" "-foreground" "-no-remote" "-profile" "C:\\Users\\boxun\\AppData\\Local\\Temp\\rust_mozprofile.WzXQWKQJbudB"
1555406914883	addons.webextension.screenshots@mozilla.org	WARN	Loading extension 'screenshots@mozilla.org': Reading manifest: Invalid extension permission: mozillaAddons
1555406914884	addons.webextension.screenshots@mozilla.org	WARN	Loading extension 'screenshots@mozilla.org': Reading manifest: Invalid extension permission: resource://pdf.js/
1555406914884	addons.webextension.screenshots@mozilla.org	WARN	Loading extension 'screenshots@mozilla.org': Reading manifest: Invalid extension permission: about:reader*
1555406918289	Marionette	INFO	Listening on port 54973
1555406918507	Marionette	WARN	TLS certificate errors will be ignored for this session
JavaScript error: https://search.jd.com/script/search_new.js?20190410.js, line 1: TypeError: F is null
[Parent 6204, Gecko_IOThread] WARNING: pipe error: 109: file z:/build/build/src/ipc/chromium/src/chrome/common/ipc_channel_win.cc, line 332
[Parent 6204, Gecko_IOThread] WARNING: pipe error: 109: file z:/build/build/src/ipc/chromium/src/chrome/common/ipc_channel_win.cc, line 332
1555406947849	Marionette	INFO	Stopped listening on port 54973

###!!! [Child][RunMessage] Error: Channel closing: too late to send/recv, messages will be lost

[GPU
###!!! [Child][MessageChannel::SendAndWait] Error: Channel error: cannot send/recv

1555407015959	mozrunner::runner	INFO	Running command: "E:\\Program Files (x86)\\Mozilla Firefox\\firefox.exe" "-marionette" "-foreground" "-no-remote" "-profile" "C:\\Users\\boxun\\AppData\\Local\\Temp\\rust_mozprofile.pneRscho4WAy"
1555407017370	addons.webextension.screenshots@mozilla.org	WARN	Loading extension 'screenshots@mozilla.org': Reading manifest: Invalid extension permission: mozillaAddons
1555407017371	addons.webextension.screenshots@mozilla.org	WARN	Loading extension 'screenshots@mozilla.org': Reading manifest: Invalid extension permission: resource://pdf.js/
1555407017371	addons.webextension.screenshots@mozilla.org	WARN	Loading extension 'screenshots@mozilla.org': Reading manifest: Invalid extension permission: about:reader*
1555407020611	Marionette	INFO	Listening on port 55297
1555407020931	Marionette	WARN	TLS certificate errors will be ignored for this session
JavaScript error: https://search.jd.com/script/search_new.js?20190410.js, line 1: TypeError: F is null
console.error: BroadcastService: 
  receivedBroadcastMessage: handler for
  remote-settings/monitor_changes
  threw error:
  Message: Error: Polling for changes failed: NetworkError when attempting to fetch resource..
  Stack:
    remoteSettingsFunction/remoteSettings.pollChanges@resource://services-settings/remote-settings.js:190:13

JavaScript warning: https://nfa.jd.com/loadFa_toJson.js?aid=2_163_818-2_232_3431-0_0_3743-2_163_6092-2_163_817-2_163_5395-2_163_5394-2_601_3951-0_0_8277&ver=20131107, line 185: unreachable code after return statement
JavaScript error: , line 0: InvalidStateError: An attempt was made to use an object that is not, or is no longer, usable
JavaScript error: , line 0: InvalidStateError: An attempt was made to use an object that is not, or is no longer, usable
JavaScript error: resource://gre/modules/WebProgressChild.jsm, line 61: TypeError: this.mm.content is null
JavaScript error: https://misc.360buyimg.com/??jdf/lib/jquery-1.6.4.js,jdf/1.0.0/unit/base/1.0.0/base.js,jdf/1.0.0/ui/ui/1.0.0/ui.js, line 6: TypeError: Y[d[f]] is undefined
JavaScript warning: https://nfa.jd.com/loadFa_toJson.js?aid=2_163_818-2_232_3431-0_0_3743-2_163_6092-2_163_817-2_163_5395-2_163_5394-0_0_8277&ver=20131107, line 185: unreachable code after return statement
JavaScript warning: https://nfa.jd.com/loadFa_toJson.js?aid=2_163_818-2_232_3431-0_0_3743-2_163_6092-2_163_817-2_163_5395-2_163_5394-0_0_8277&ver=20131107, line 185: unreachable code after return statement
[Parent 8144, Gecko_IOThread] WARNING: pipe error: 109: file z:/build/build/src/ipc/chromium/src/chrome/common/ipc_channel_win.cc, line 332
JavaScript warning: https://nfa.jd.com/loadFa_toJson.js?aid=2_163_818-2_232_3431-0_0_3743-2_163_6092-2_163_817-2_163_5395-2_163_5394-0_0_8277&ver=20131107, line 185: unreachable code after return statement
JavaScript warning: https://nfa.jd.com/loadFa_toJson.js?aid=2_163_818-2_232_3431-0_0_3743-2_163_6092-2_163_817-2_163_5395-2_163_5394-0_0_8277&ver=20131107, line 185: unreachable code after return statement
JavaScript warning: https://nfa.jd.com/loadFa_toJson.js?aid=2_163_818-2_232_3431-0_0_3743-2_163_6092-2_163_817-2_163_5395-2_163_5394-0_0_8277&ver=20131107, line 185: unreachable code after return statement
JavaScript warning: https://nfa.jd.com/loadFa_toJson.js?aid=2_163_818-2_232_3431-0_0_3743-2_163_6092-2_163_817-2_163_5395-2_163_5394-0_0_8277&ver=20131107, line 185: unreachable code after return statement
JavaScript warning: https://nfa.jd.com/loadFa_toJson.js?aid=2_163_818-2_232_3431-0_0_3743-2_163_6092-2_163_817-2_163_5395-2_163_5394-0_0_8277&ver=20131107, line 185: unreachable code after return statement
JavaScript warning: https://nfa.jd.com/loadFa_toJson.js?aid=2_163_818-2_232_3431-0_0_3743-2_163_6092-2_163_817-2_163_5395-2_163_5394-0_0_8277&ver=20131107, line 185: unreachable code after return statement
[Parent 8144, Gecko_IOThread] WARNING: pipe error: 109: file z:/build/build/src/ipc/chromium/src/chrome/common/ipc_channel_win.cc, line 332
1555408517409	Marionette	INFO	Stopped listening on port 55297

###!!! [Child][RunMessage] Error: Channel closing: too late to send/recv, messages will be lost

[GPU 8276,
###!!! [Child][MessageChannel::SendAndWait] Error: Channel error: cannot send/recv

1556613166730	mozrunner::runner	INFO	Running command: "E:\\Program Files (x86)\\Mozilla Firefox\\firefox.exe" "-marionette" "-foreground" "-no-remote" "-profile" "C:\\Users\\boxun\\AppData\\Local\\Temp\\rust_mozprofile.JqUBrovZWC30"
1556613169121	addons.webextension.screenshots@mozilla.org	WARN	Loading extension 'screenshots@mozilla.org': Reading manifest: Invalid extension permission: mozillaAddons
1556613169122	addons.webextension.screenshots@mozilla.org	WARN	Loading extension 'screenshots@mozilla.org': Reading manifest: Invalid extension permission: resource://pdf.js/
1556613169122	addons.webextension.screenshots@mozilla.org	WARN	Loading extension 'screenshots@mozilla.org': Reading manifest: Invalid extension permission: about:reader*
1556613172821	Marionette	INFO	Listening on port 50600
1556613172909	Marionette	WARN	TLS certificate errors will be ignored for this session
1556613292070	mozrunner::runner	INFO	Running command: "E:\\Program Files (x86)\\Mozilla Firefox\\firefox.exe" "-marionette" "-foreground" "-no-remote" "-profile" "C:\\Users\\boxun\\AppData\\Local\\Temp\\rust_mozprofile.JrVhoDc2Ii07"
1556613293908	addons.webextension.screenshots@mozilla.org	WARN	Loading extension 'screenshots@mozilla.org': Reading manifest: Invalid extension permission: mozillaAddons
1556613293909	addons.webextension.screenshots@mozilla.org	WARN	Loading extension 'screenshots@mozilla.org': Reading manifest: Invalid extension permission: resource://pdf.js/
1556613293909	addons.webextension.screenshots@mozilla.org	WARN	Loading extension 'screenshots@mozilla.org': Reading manifest: Invalid extension permission: about:reader*
1556613297298	Marionette	INFO	Listening on port 50917
1556613297624	Marionette	WARN	TLS certificate errors will be ignored for this session
JavaScript error: https://search.jd.com/script/search_new.js?2019041917.js, line 1: TypeError: F is null
JavaScript error: https://search.jd.com/script/search_new.js?2019041917.js, line 1: TypeError: F is null
console.error: BroadcastService: 
  receivedBroadcastMessage: handler for
  remote-settings/monitor_changes
  threw error:
  Message: Error: Polling for changes failed: NetworkError when attempting to fetch resource..
  Stack:
    remoteSettingsFunction/remoteSettings.pollChanges@resource://services-settings/remote-settings.js:190:13

1556613343562	Marionette	INFO	Stopped listening on port 50917

###!!! [Child][RunMessage] Error: Channel closing: too late to send/recv, messages will be lost

[
###!!! [Child][MessageChannel::SendAndWait] Error: Channel error: cannot send/recv

1556613468326	mozrunner::runner	INFO	Running command: "E:\\Program Files (x86)\\Mozilla Firefox\\firefox.exe" "-marionette" "-foreground" "-no-remote" "-profile" "C:\\Users\\boxun\\AppData\\Local\\Temp\\rust_mozprofile.XqV8gS7nvwxk"
1556613470540	addons.webextension.screenshots@mozilla.org	WARN	Loading extension 'screenshots@mozilla.org': Reading manifest: Invalid extension permission: mozillaAddons
1556613470540	addons.webextension.screenshots@mozilla.org	WARN	Loading extension 'screenshots@mozilla.org': Reading manifest: Invalid extension permission: resource://pdf.js/
1556613470541	addons.webextension.screenshots@mozilla.org	WARN	Loading extension 'screenshots@mozilla.org': Reading manifest: Invalid extension permission: about:reader*
1556613474055	Marionette	INFO	Listening on port 51393
1556613474489	Marionette	WARN	TLS certificate errors will be ignored for this session
[Parent 4340, Gecko_IOThread] WARNING: pipe error: 109: file z:/build/build/src/ipc/chromium/src/chrome/common/ipc_channel_win.cc, line 332
1556613477640	Marionette	INFO	Stopped listening on port 51393

###!!! [Child][RunMessage] Error: Channel closing: too late to send/recv, messages will be lost

[GPU
###!!! [Child][MessageChannel::SendAndWait] Error: Channel error: cannot send/recv

1556613495001	mozrunner::runner	INFO	Running command: "E:\\Program Files (x86)\\Mozilla Firefox\\firefox.exe" "-marionette" "-foreground" "-no-remote" "-profile" "C:\\Users\\boxun\\AppData\\Local\\Temp\\rust_mozprofile.A1CNtnynwk5e"
1556613497106	addons.webextension.screenshots@mozilla.org	WARN	Loading extension 'screenshots@mozilla.org': Reading manifest: Invalid extension permission: mozillaAddons
1556613497106	addons.webextension.screenshots@mozilla.org	WARN	Loading extension 'screenshots@mozilla.org': Reading manifest: Invalid extension permission: resource://pdf.js/
1556613497106	addons.webextension.screenshots@mozilla.org	WARN	Loading extension 'screenshots@mozilla.org': Reading manifest: Invalid extension permission: about:reader*
1556613500694	Marionette	INFO	Listening on port 51513
1556613501063	Marionette	WARN	TLS certificate errors will be ignored for this session
JavaScript error: https://search.jd.com/script/search_new.js?2019041917.js, line 1: TypeError: F is null
1556613521274	Marionette	INFO	Stopped listening on port 51513

###!!! [Child][RunMessage] Error: Channel closing: too late to send/recv, messages will be lost

[GPU 
###!!! [Child][MessageChannel::SendAndWait] Error: Channel error: cannot send/recv

1556613527803	mozrunner::runner	INFO	Running command: "E:\\Program Files (x86)\\Mozilla Firefox\\firefox.exe" "-marionette" "-foreground" "-no-remote" "-profile" "C:\\Users\\boxun\\AppData\\Local\\Temp\\rust_mozprofile.UkXJXGyVPQBx"
1556613529681	addons.webextension.screenshots@mozilla.org	WARN	Loading extension 'screenshots@mozilla.org': Reading manifest: Invalid extension permission: mozillaAddons
1556613529682	addons.webextension.screenshots@mozilla.org	WARN	Loading extension 'screenshots@mozilla.org': Reading manifest: Invalid extension permission: resource://pdf.js/
1556613529682	addons.webextension.screenshots@mozilla.org	WARN	Loading extension 'screenshots@mozilla.org': Reading manifest: Invalid extension permission: about:reader*
1556613533169	Marionette	INFO	Listening on port 51706
1556613533357	Marionette	WARN	TLS certificate errors will be ignored for this session
JavaScript error: https://search.jd.com/script/search_new.js?2019041917.js, line 1: TypeError: F is null
JavaScript error: resource://gre/modules/WebProgressChild.jsm, line 61: TypeError: this.mm.content is null
[Child 10540, Chrome_ChildThread] WARNING: pipe error: 232: file z:/build/build/src/ipc/chromium/src/chrome/common/ipc_channel_win.cc, line 493
[Child 10540, Chrome_ChildThread] WARNING: pipe error: 232: file z:/build/build/src/ipc/chromium/src/chrome/common/ipc_channel_win.cc, line 493
[Child 10540, Chrome_ChildThread] WARNING: pipe error: 232: file z:/build/build/src/ipc/chromium/src/chrome/common/ipc_channel_win.cc, line 493
[Child 10540, Chrome_ChildThread] WARNING: pipe error: 109: file z:/build/build/src/ipc/chromium/src/chrome/common/ipc_channel_win.cc, line 332
[Child 10540, Chrome_ChildThread] WARNING: pipe error: 232: file z:/build/build/src/ipc/chromium/src/chrome/common/ipc_channel_win.cc, line 493
[
###!!! [Child][RunMessage] Error: Channel closing: too late to send/recv, messages will be lost

Chi
###!!! [Child][RunMessage] Error: Channel closing: too late to send/recv, messages will be lost

ld 10540, Chrome_ChildThread] WARNING: pipe error: 109: file z:/build/build/src/ipc/chromium/src/chrome/common/ipc_channel_win.cc, line 332
1556613572052	Marionette	INFO	Stopped listening on port 51706

###!!! [Child][RunMessage] Error: Channel closing: too late to send/recv, messages will be lost

[GP
###!!! [Child][MessageChannel::SendAndWait] Error: Channel error: cannot send/recv

1556613577997	mozrunner::runner	INFO	Running command: "E:\\Program Files (x86)\\Mozilla Firefox\\firefox.exe" "-marionette" "-foreground" "-no-remote" "-profile" "C:\\Users\\boxun\\AppData\\Local\\Temp\\rust_mozprofile.7xfheCXjQdcT"
1556613579888	addons.webextension.screenshots@mozilla.org	WARN	Loading extension 'screenshots@mozilla.org': Reading manifest: Invalid extension permission: mozillaAddons
1556613579889	addons.webextension.screenshots@mozilla.org	WARN	Loading extension 'screenshots@mozilla.org': Reading manifest: Invalid extension permission: resource://pdf.js/
1556613579889	addons.webextension.screenshots@mozilla.org	WARN	Loading extension 'screenshots@mozilla.org': Reading manifest: Invalid extension permission: about:reader*
1556613583258	Marionette	INFO	Listening on port 51965
1556613583479	Marionette	WARN	TLS certificate errors will be ignored for this session
JavaScript error: https://search.jd.com/script/search_new.js?2019041917.js, line 1: TypeError: F is null
console.error: BroadcastService: 
  receivedBroadcastMessage: handler for
  remote-settings/monitor_changes
  threw error:
  Message: Error: Polling for changes failed: NetworkError when attempting to fetch resource..
  Stack:
    remoteSettingsFunction/remoteSettings.pollChanges@resource://services-settings/remote-settings.js:190:13

1556613748299	Marionette	INFO	Stopped listening on port 51965
[
###!!! [Child][RunMessage] Error: Channel closing: too late to send/recv, messages will be lost

G
###!!! [Child][MessageChannel::SendAndWait] Error: Channel error: cannot send/recv

1556613758225	mozrunner::runner	INFO	Running command: "E:\\Program Files (x86)\\Mozilla Firefox\\firefox.exe" "-marionette" "-foreground" "-no-remote" "-profile" "C:\\Users\\boxun\\AppData\\Local\\Temp\\rust_mozprofile.4aaI0ZdD24Zf"
1556613760374	addons.webextension.screenshots@mozilla.org	WARN	Loading extension 'screenshots@mozilla.org': Reading manifest: Invalid extension permission: mozillaAddons
1556613760375	addons.webextension.screenshots@mozilla.org	WARN	Loading extension 'screenshots@mozilla.org': Reading manifest: Invalid extension permission: resource://pdf.js/
1556613760375	addons.webextension.screenshots@mozilla.org	WARN	Loading extension 'screenshots@mozilla.org': Reading manifest: Invalid extension permission: about:reader*
1556613764302	Marionette	INFO	Listening on port 52433
1556613764807	Marionette	WARN	TLS certificate errors will be ignored for this session
JavaScript error: https://search.jd.com/script/search_new.js?2019041917.js, line 1: TypeError: F is null
console.error: BroadcastService: 
  receivedBroadcastMessage: handler for
  remote-settings/monitor_changes
  threw error:
  Message: Error: Polling for changes failed: NetworkError when attempting to fetch resource..
  Stack:
    remoteSettingsFunction/remoteSettings.pollChanges@resource://services-settings/remote-settings.js:190:13

[Parent 3624, Gecko_IOThread] WARNING: pipe error: 109: file z:/build/build/src/ipc/chromium/src/chrome/common/ipc_channel_win.cc, line 332
IPDL protocol error: Handler returned error code!

###!!! [Parent][DispatchAsyncMessage] Error: PLayerTransaction::Msg_ReleaseLayer Processing error: message was deserialized, but the handler returned false (indicating failure)

IPDL protocol error: Handler returned error code!

###!!! [Parent][DispatchAsyncMessage] Error: PLayerTransaction::Msg_ReleaseLayer Processing error: message was deserialized, but the handler returned false (indicating failure)

IPDL protocol error: Handler returned error code!

###!!! [Parent][DispatchAsyncMessage] Error: PLayerTransaction::Msg_ReleaseLayer Processing error: message was deserialized, but the handler returned false (indicating failure)

IPDL protocol error: Handler returned error code!

###!!! [Parent][DispatchAsyncMessage] Error: PLayerTransaction::Msg_ReleaseLayer Processing error: message was deserialized, but the handler returned false (indicating failure)

IPDL protocol error: Handler returned error code!

###!!! [Parent][DispatchAsyncMessage] Error: PLayerTransaction::Msg_ReleaseLayer Processing error: message was deserialized, but the handler returned false (indicating failure)

IPDL protocol error: Handler returned error code!

###!!! [Parent][DispatchAsyncMessage] Error: PLayerTransaction::Msg_ReleaseLayer Processing error: message was deserialized, but 1556613918344	addons.webextension.screenshots@mozilla.org	WARN	Loading extension 'screenshots@mozilla.org': Reading manifest: Invalid extension permission: mozillaAddons
1556613918345	addons.webextension.screenshots@mozilla.org	WARN	Loading extension 'screenshots@mozilla.org': Reading manifest: Invalid extension permission: resource://pdf.js/
1556613918345	addons.webextension.screenshots@mozilla.org	WARN	Loading extension 'screenshots@mozilla.org': Reading manifest: Invalid extension permission: about:reader*
1556613921734	Marionette	INFO	Listening on port 52986
1556613921881	Marionette	WARN	TLS certificate errors will be ignored for this session
JavaScript error: https://search.jd.com/script/search_new.js?2019041917.js, line 1: TypeError: F is null
[Parent 3320, Gecko_IOThread] WARNING: pipe error: 109: file z:/build/build/src/ipc/chromium/src/chrome/common/ipc_channel_win.cc, line 332
console.error: BroadcastService: 
  receivedBroadcastMessage: handler for
  remote-settings/monitor_changes
  threw error:
  Message: Error: Polling for changes failed: NetworkError when attempting to fetch resource..
  Stack:
    remoteSettingsFunction/remoteSettings.pollChanges@resource://services-settings/remote-settings.js:190:13

[Child 252, Chrome_ChildThread] WARNING: pipe error: 109: file z:/build/build/src/ipc/chromium/src/chrome/common/ipc_channel_win.cc, line 332
[Child 252, Ch[Parent 3320, Gecko_IOThread] WARNING: pipe error: 109: file z:/build/build/src/ipc/chromium/src/chrome/common/ipc_channel_win.cc, line 332
1556614041712	Marionette	INFO	Stopped listening on port 52986

###!!! [Child][RunMessage] Error: Channel closing: too late to send/recv, messages will be lost

[GPU
###!!! [Child][MessageChannel::SendAndWait] Error: Channel error: cannot send/recv

ript error: https://search.jd.com/script/search_new.js?2019041917.js, line 1: TypeError: F is null
console.error: BroadcastService: 
  receivedBroadcastMessage: handler for
  remote-settings/monitor_changes
  threw error:
  Message: Error: Polling for changes failed: NetworkError when attempting to fetch resource..
  Stack:
    remoteSettingsFunction/remoteSettings.pollChanges@resource://services-settings/remote-settings.js:190:13

1556614045435	mozrunner::runner	INFO	Running command: "E:\\Program Files (x86)\\Mozilla Firefox\\firefox.exe" "-marionette" "-foreground" "-no-remote" "-profile" "C:\\Users\\boxun\\AppData\\Local\\Temp\\rust_mozprofile.SeZ8XacYZ5ql"
1556614047187	addons.webextension.screenshots@mozilla.org	WARN	Loading extension 'screenshots@mozilla.org': Reading manifest: Invalid extension permission: mozillaAddons
1556614047187	addons.webextension.screenshots@mozilla.org	WARN	Loading extension 'screenshots@mozilla.org': Reading manifest: Invalid extension permission: resource://pdf.js/
1556614047188	addons.webextension.screenshots@mozilla.org	WARN	Loading extension 'screenshots@mozilla.org': Reading manifest: Invalid extension permission: about:reader*
1556614050458	Marionette	INFO	Listening on port 53467
1556614050901	Marionette	WARN	TLS certificate errors will be ignored for this session
JavaScript error: https://search.jd.com/script/search_new.js?2019041917.js, line 1: TypeError: F is null
console.error: BroadcastService: 
  receivedBroadcastMessage: handler for
  remote-settings/monitor_changes
  threw error:
  Message: Error: Polling for changes failed: NetworkError when attempting to fetch resource..
  Stack:
    remoteSettingsFunction/remoteSettings.pollChanges@resource://services-settings/remote-settings.js:190:13

[Parent 14016, Gecko_IOThread] WARNING: pipe error: 109: file z:/build/build/src/ipc/chromium/src/chrome/common/ipc_channel_win.cc, line 332
[Parent 14016, Gecko_IOThread] WARNING: pipe error: 109: file z:/build/build/src/ipc/chromium/src/chrome/common/ipc_channel_win.cc, line 332
[Child 14828, Chrome_ChildThread] WARNING: pipe error: 109: file z:/build/build/src/ipc/chromium/src/chrome/common/ipc_channel_win.cc, line 332
[Child 11556614410949	Marionette	INFO	Stopped listening on port 53467

###!!! [Child][RunMessage] Error: Channel closing: too late to send/recv, messages will be lost

[
###!!! [Child][MessageChannel::SendAndWait] Error: Channel error: cannot send/recv

ading manifest: Invalid extension permission: about:reader*
1556614326926	Marionette	INFO	Listening on port 54074
1556614327067	Marionette	WARN	TLS certificate errors will be ignored for this session
console.error: BroadcastService: 
  receivedBroadcastMessage: handler for
  remote-settings/monitor_changes
  threw error:
  Message: Error: Polling for changes failed: NetworkError when attempting to fetch resource..
  Stack:
    remoteSettingsFunction/remoteSettings.pollChanges@resource://services-settings/remote-settings.js:190:13

1556614414866	Marionette	INFO	Stopped listening on port 54074

###!!! [Child][MessageChannel::SendAndWait] Error: Channel error: cannot send/recv

1556614423640	mozrunner::runner	INFO	Running command: "E:\\Program Files (x86)\\Mozilla Firefox\\firefox.exe" "-marionette" "-foreground" "-no-remote" "-profile" "C:\\Users\\boxun\\AppData\\Local\\Temp\\rust_mozprofile.yunFLSsx4BBm"
1556614425545	addons.webextension.screenshots@mozilla.org	WARN	Loading extension 'screenshots@mozilla.org': Reading manifest: Invalid extension permission: mozillaAddons
1556614425546	addons.webextension.screenshots@mozilla.org	WARN	Loading extension 'screenshots@mozilla.org': Reading manifest: Invalid extension permission: resource://pdf.js/
1556614425546	addons.webextension.screenshots@mozilla.org	WARN	Loading extension 'screenshots@mozilla.org': Reading manifest: Invalid extension permission: about:reader*
1556614429084	Marionette	INFO	Listening on port 54456
1556614429200	Marionette	WARN	TLS certificate errors will be ignored for this session
[Parent 13728, Gecko_IOThread] WARNING: pipe error: 109: file z:/build/build/src/ipc/chromium/src/chrome/common/ipc_channel_win.cc, line 332
[Child 6008, Chrome_ChildThread] WARNING: pipe error: 109: file z:/build/build/src/ipc/chromium/src/chrome/common/ipc_channel_win.cc, line 332
[Child 600JavaScript error: , line 0: InvalidStateError: An attempt was made to use an object that is not, or is no longer, usable
JavaScript error: , line 0: InvalidStateError: An attempt was made to use an object that is not, or is no longer, usable
1556614437592	Marionette	INFO	Stopped listening on port 54456

###!!! [Child][RunMessage] Error: Channel closing: too late to send/recv, messages will be lost

[GPU 4981556614474957	mozrunner::runner	INFO	Running command: "E:\\Program Files (x86)\\Mozilla Firefox\\firefox.exe" "-marionette" "-foreground" "-no-remote" "-profile" "C:\\Users\\boxun\\AppData\\Local\\Temp\\rust_mozprofile.XfFibtzELEed"
1556614476801	addons.webextension.screenshots@mozilla.org	WARN	Loading extension 'screenshots@mozilla.org': Reading manifest: Invalid extension permission: mozillaAddons
1556614476802	addons.webextension.screenshots@mozilla.org	WARN	Loading extension 'screenshots@mozilla.org': Reading manifest: Invalid extension permission: resource://pdf.js/
1556614476802	addons.webextension.screenshots@mozilla.org	WARN	Loading extension 'screenshots@mozilla.org': Reading manifest: Invalid extension permission: about:reader*
1556614480303	Marionette	INFO	Listening on port 54667
1556614480525	Marionette	WARN	TLS certificate errors will be ignored for this session
JavaScript error: https://search.jd.com/script/search_new.js?2019041917.js, line 1: TypeError: F is null
JavaScript error: , line 0: InvalidStateError: An attempt was made to use an object that is not, or is no longer, usable
JavaScript error: , line 0: InvalidStateError: An attempt was made to use an object that is not, or is no longer, usable
[Parent 14872, Gecko_IOThread] WARNING: pipe error: 109: file z:/build/build/src/ipc/chromium/src/chrome/common/ipc_channel_win.cc, line 332
1556614544105	Marionette	INFO	Stopped listening on port 54667

###!!! [Child][RunMessage] Error: Channel closing: too late to send/recv, messages will be lost

[GPU 
###!!! [Child][MessageChannel::SendAndWait] Error: Channel error: cannot send/recv

1556614552949	mozrunner::runner	INFO	Running command: "E:\\Program Files (x86)\\Mozilla Firefox\\firefox.exe" "-marionette" "-foreground" "-no-remote" "-profile" "C:\\Users\\boxun\\AppData\\Local\\Temp\\rust_mozprofile.WBB6CLv28vuc"
1556614554824	addons.webextension.screenshots@mozilla.org	WARN	Loading extension 'screenshots@mozilla.org': Reading manifest: Invalid extension permission: mozillaAddons
1556614554825	addons.webextension.screenshots@mozilla.org	WARN	Loading extension 'screenshots@mozilla.org': Reading manifest: Invalid extension permission: resource://pdf.js/
1556614554825	addons.webextension.screenshots@mozilla.org	WARN	Loading extension 'screenshots@mozilla.org': Reading manifest: Invalid extension permission: about:reader*
1556614558335	Marionette	INFO	Listening on port 54949
1556614558527	Marionette	WARN	TLS certificate errors will be ignored for this session
JavaScript error: https://search.jd.com/script/search_new.js?2019041917.js, line 1: TypeError: F is null
JavaScript error: https://search.jd.com/script/search_new.js?2019041917.js, line 1: TypeError: F is null
JavaScript error: https://search.jd.com/script/search_new.js?2019041917.js, line 1: TypeError: F is null
[Parent 8492, Gecko_IOThread] WARNING: pipe error: 109: file z:/build/build/src/ipc/chromium/src/chrome/common/ipc_channel_win.cc, line 332
1556614605633	Marionette	INFO	Stopped listening on port 54949
[G
###!!! [Child][RunMessage] Error: Channel closing: too late to send/recv, messages will be lost

PU
###!!! [Child][MessageChannel::SendAndWait] Error: Channel error: cannot send/recv

1556614645484	mozrunner::runner	INFO	Running command: "E:\\Program Files (x86)\\Mozilla Firefox\\firefox.exe" "-marionette" "-foreground" "-no-remote" "-profile" "C:\\Users\\boxun\\AppData\\Local\\Temp\\rust_mozprofile.caaivCArpboY"
1556614647366	addons.webextension.screenshots@mozilla.org	WARN	Loading extension 'screenshots@mozilla.org': Reading manifest: Invalid extension permission: mozillaAddons
1556614647367	addons.webextension.screenshots@mozilla.org	WARN	Loading extension 'screenshots@mozilla.org': Reading manifest: Invalid extension permission: resource://pdf.js/
1556614647367	addons.webextension.screenshots@mozilla.org	WARN	Loading extension 'screenshots@mozilla.org': Reading manifest: Invalid extension permission: about:reader*
1556614650901	Marionette	INFO	Listening on port 55378
1556614651051	Marionette	WARN	TLS certificate errors will be ignored for this session
JavaScript error: https://search.jd.com/script/search_new.js?2019041917.js, line 1: TypeError: F is null
JavaScript error: https://search.jd.com/script/search_new.js?2019041917.js, line 1: TypeError: F is null
console.error: BroadcastService: 
  receivedBroadcastMessage: handler for
  remote-settings/monitor_changes
  threw error:
  Message: Error: Polling for changes failed: NetworkError when attempting to fetch resource..
  Stack:
    remoteSettingsFunction/remoteSettings.pollChanges@resource://services-settings/remote-settings.js:190:13

JavaScript error: https://search.jd.com/script/search_new.js?2019041917.js, line 1: TypeError: F is null
JavaScript error: https://search.jd.com/script/search_new.js?2019041917.js, line 1: TypeError: F is null
[Parent 15264, Gecko_IOThread] WARNING: pipe error: 109: file z:/build/build/src/ipc/chromium/src/chrome/common/ipc_channel_win.cc, line 332
[Parent 15264, Gecko_IOThread] WARNING: pipe error: 109: file z:/build/build/src/ipc/chromium/src/chrome/common/ipc_channel_win.cc, line 332
[Child 15536, Chrome_ChildThread] WARNING: pipe error: 109: file z:/build/build/src/ipc/chromium/src/chrome/common/ipc_channel_win.cc, line 332
[Child[Parent 15264, Gecko_IOThread] WARNING: pipe error: 109: file z:/build/build/src/ipc/chromium/src/chrome/common/ipc_channel_win.cc, line 332
[Child 14600, Chrome_ChildThread] WARNING: pipe error: 109: file z:/build/build/src/ipc/chromium/src/chrome/common/ipc_channel_win.cc, line 332
[Child 11556614940555	Marionette	INFO	Stopped listening on port 55378

###!!! [Child][MessageChannel::SendAndWait] Error: Channel error: cannot send/recv

1557018545519	mozrunner::runner	INFO	Running command: "E:\\Program Files (x86)\\Mozilla Firefox\\firefox.exe" "-marionette" "-foreground" "-no-remote" "-profile" "C:\\Users\\boxun\\AppData\\Local\\Temp\\rust_mozprofile.R3XmNi6YBOT2"
1557018547995	addons.webextension.screenshots@mozilla.org	WARN	Loading extension 'screenshots@mozilla.org': Reading manifest: Invalid extension permission: mozillaAddons
1557018547996	addons.webextension.screenshots@mozilla.org	WARN	Loading extension 'screenshots@mozilla.org': Reading manifest: Invalid extension permission: resource://pdf.js/
1557018547996	addons.webextension.screenshots@mozilla.org	WARN	Loading extension 'screenshots@mozilla.org': Reading manifest: Invalid extension permission: about:reader*
1557018552935	Marionette	INFO	Listening on port 61546
1557018553334	Marionette	WARN	TLS certificate errors will be ignored for this session
JavaScript error: https://search.jd.com/script/search_new.js?2019041917.js, line 1: TypeError: F is null
JavaScript error: https://search.jd.com/script/search_new.js?2019041917.js, line 1: TypeError: F is null
JavaScript error: https://search.jd.com/script/search_new.js?2019041917.js, line 1: TypeError: F is null
[Parent 6392, Gecko_IOThread] WARNING: pipe error: 109: file z:/build/build/src/ipc/chromium/src/chrome/common/ipc_channel_win.cc, line 332
JavaScript error: https://search.jd.com/script/search_new.js?2019041917.js, line 1: TypeError: F is null
1557018595892	Marionette	INFO	Stopped listening on port 61546

###!!! [Child][RunMessage] Error: Channel closing: too late to send/recv, messages will be lost

[GP
###!!! [Child][MessageChannel::SendAndWait] Error: Channel error: cannot send/recv

